[2022-02-09 13:08:33.035] [exthost] [info] Extension host with pid 11122 started
[2022-02-09 13:08:33.366] [exthost] [info] ExtensionService#_doActivateExtension vscode.microsoft-authentication, startup: false, activationEvent: 'onAuthenticationRequest:microsoft'
[2022-02-09 13:08:33.567] [exthost] [info] ExtensionService#_doActivateExtension vscode.debug-auto-launch, startup: true, activationEvent: '*'
[2022-02-09 13:08:33.577] [exthost] [info] ExtensionService#_doActivateExtension vscode.git-base, startup: true, activationEvent: '*', root cause: vscode.github
[2022-02-09 13:08:33.702] [exthost] [info] ExtensionService#_doActivateExtension vscode.git, startup: true, activationEvent: '*'
[2022-02-09 13:08:34.044] [exthost] [info] ExtensionService#_doActivateExtension vscode.github, startup: true, activationEvent: '*'
[2022-02-09 13:08:34.221] [exthost] [info] Eager extensions activated
[2022-02-09 13:08:34.223] [exthost] [info] ExtensionService#_doActivateExtension vscode.github-authentication, startup: false, activationEvent: 'onAuthenticationRequest:github'
[2022-02-09 13:08:34.348] [exthost] [info] ExtensionService#_doActivateExtension vscode.emmet, startup: false, activationEvent: 'onStartupFinished'
[2022-02-09 13:08:34.442] [exthost] [info] ExtensionService#_doActivateExtension vscode.merge-conflict, startup: false, activationEvent: 'onStartupFinished'
[2022-02-09 13:09:24.374] [exthost] [info] extension host terminating: renderer closed the socket
[2022-02-09 13:09:24.383] [exthost] [info] Extension host with pid 11122 exiting with code 0
[2022-02-09 13:09:32.075] [exthost] [info] Extension host with pid 11204 started
[2022-02-09 13:09:32.079] [exthost] [info] Skipping acquiring lock for /home/gerzainm/Proyectos/iqisspage/iqiss_page/~/.vscode-root/User/workspaceStorage/b01d4397e469258cfb42a6935b181b4f.
[2022-02-09 13:09:32.282] [exthost] [info] ExtensionService#_doActivateExtension vscode.microsoft-authentication, startup: false, activationEvent: 'onAuthenticationRequest:microsoft'
[2022-02-09 13:09:32.322] [exthost] [info] ExtensionService#_doActivateExtension vscode.debug-auto-launch, startup: true, activationEvent: '*'
[2022-02-09 13:09:32.328] [exthost] [info] ExtensionService#_doActivateExtension vscode.git-base, startup: true, activationEvent: '*', root cause: vscode.github
[2022-02-09 13:09:32.487] [exthost] [info] ExtensionService#_doActivateExtension vscode.github, startup: true, activationEvent: '*'
[2022-02-09 13:09:32.568] [exthost] [info] Eager extensions activated
[2022-02-09 13:09:32.575] [exthost] [info] ExtensionService#_doActivateExtension vscode.emmet, startup: false, activationEvent: 'onStartupFinished'
[2022-02-09 13:09:32.586] [exthost] [info] ExtensionService#_doActivateExtension vscode.merge-conflict, startup: false, activationEvent: 'onStartupFinished'
[2022-02-09 13:09:32.639] [exthost] [info] ExtensionService#_doActivateExtension vscode.github-authentication, startup: false, activationEvent: 'onAuthenticationRequest:github'
[2022-02-09 13:09:47.028] [exthost] [info] ExtensionService#_doActivateExtension vscode.git, startup: false, activationEvent: 'api', root cause: vscode.github
[2022-02-09 13:10:05.126] [exthost] [warning] [Decorations] CAPPING events from decorations provider vscode.git 258
[2022-02-09 13:10:09.103] [exthost] [info] ExtensionService#_doActivateExtension vscode-icons-team.vscode-icons, startup: false, activationEvent: '*'
[2022-02-09 13:10:10.673] [exthost] [warning] [Decorations] CAPPING events from decorations provider vscode.git 276
[2022-02-09 13:10:11.528] [exthost] [info] ExtensionService#_doActivateExtension vscode.configuration-editing, startup: false, activationEvent: 'onLanguage:jsonc'
[2022-02-09 13:10:11.538] [exthost] [info] ExtensionService#_doActivateExtension vscode.json-language-features, startup: false, activationEvent: 'onLanguage:jsonc'
[2022-02-09 13:10:11.656] [exthost] [info] ExtensionService#_doActivateExtension vscode.typescript-language-features, startup: false, activationEvent: 'onLanguage:jsonc'
[2022-02-09 13:10:15.800] [exthost] [warning] [Decorations] CAPPING events from decorations provider vscode.git 277
[2022-02-09 13:10:20.941] [exthost] [warning] [Decorations] CAPPING events from decorations provider vscode.git 277
[2022-02-09 13:10:26.056] [exthost] [warning] [Decorations] CAPPING events from decorations provider vscode.git 282
[2022-02-09 13:10:31.163] [exthost] [warning] [Decorations] CAPPING events from decorations provider vscode.git 282
[2022-02-09 13:10:36.266] [exthost] [warning] [Decorations] CAPPING events from decorations provider vscode.git 281
[2022-02-09 13:10:39.073] [exthost] [info] ExtensionService#_doActivateExtension vscode.html-language-features, startup: false, activationEvent: 'onLanguage:html'
[2022-02-09 13:10:41.201] [exthost] [info] extension host terminating: renderer closed the socket
[2022-02-09 13:10:41.256] [exthost] [info] Extension host with pid 11204 exiting with code 0
