[2022-02-09T19:09:47.120Z] Validating found git in: git
[2022-02-09T19:09:47.183Z] Using git 2.25.1 from git
[2022-02-09T19:09:47.257Z] > git rev-parse --git-dir [3ms]
[2022-02-09T19:09:47.281Z] Open repository: /home/gerzainm/Proyectos/iqisspage/iqiss_page
[2022-02-09T19:09:47.329Z] > git symbolic-ref --short HEAD [4ms]
[2022-02-09T19:09:47.343Z] > git for-each-ref --format=%(refname)%00%(upstream:short)%00%(objectname)%00%(upstream:track) refs/heads/master refs/remotes/master [4ms]
[2022-02-09T19:09:47.376Z] > git for-each-ref --sort -committerdate --format %(refname) %(objectname) %(*objectname) [17ms]
[2022-02-09T19:09:47.380Z] > git remote --verbose [11ms]
[2022-02-09T19:09:47.436Z] > git config --get commit.template [21ms]
[2022-02-09T19:09:49.661Z] > git symbolic-ref --short HEAD [2ms]
[2022-02-09T19:09:49.674Z] > git for-each-ref --format=%(refname)%00%(upstream:short)%00%(objectname)%00%(upstream:track) refs/heads/master refs/remotes/master [2ms]
[2022-02-09T19:09:49.695Z] > git for-each-ref --sort -committerdate --format %(refname) %(objectname) %(*objectname) [13ms]
[2022-02-09T19:09:49.697Z] > git remote --verbose [3ms]
[2022-02-09T19:09:49.722Z] > git config --get commit.template [3ms]
[2022-02-09T19:09:54.748Z] > git symbolic-ref --short HEAD [1ms]
[2022-02-09T19:09:54.762Z] > git for-each-ref --format=%(refname)%00%(upstream:short)%00%(objectname)%00%(upstream:track) refs/heads/master refs/remotes/master [2ms]
[2022-02-09T19:09:54.784Z] > git for-each-ref --sort -committerdate --format %(refname) %(objectname) %(*objectname) [11ms]
[2022-02-09T19:09:54.785Z] > git remote --verbose [3ms]
[2022-02-09T19:09:54.807Z] > git config --get commit.template [3ms]
[2022-02-09T19:09:59.841Z] > git symbolic-ref --short HEAD [2ms]
[2022-02-09T19:09:59.853Z] > git for-each-ref --format=%(refname)%00%(upstream:short)%00%(objectname)%00%(upstream:track) refs/heads/master refs/remotes/master [2ms]
[2022-02-09T19:09:59.875Z] > git for-each-ref --sort -committerdate --format %(refname) %(objectname) %(*objectname) [12ms]
[2022-02-09T19:09:59.878Z] > git remote --verbose [3ms]
[2022-02-09T19:09:59.900Z] > git config --get commit.template [3ms]
[2022-02-09T19:10:04.988Z] > git symbolic-ref --short HEAD [3ms]
[2022-02-09T19:10:05.047Z] > git for-each-ref --format=%(refname)%00%(upstream:short)%00%(objectname)%00%(upstream:track) refs/heads/master refs/remotes/master [30ms]
[2022-02-09T19:10:05.103Z] > git for-each-ref --sort -committerdate --format %(refname) %(objectname) %(*objectname) [24ms]
[2022-02-09T19:10:05.106Z] > git remote --verbose [5ms]
[2022-02-09T19:10:05.583Z] > git config --get commit.template [379ms]
[2022-02-09T19:10:10.621Z] > git symbolic-ref --short HEAD [5ms]
[2022-02-09T19:10:10.638Z] > git for-each-ref --format=%(refname)%00%(upstream:short)%00%(objectname)%00%(upstream:track) refs/heads/master refs/remotes/master [4ms]
[2022-02-09T19:10:10.663Z] > git for-each-ref --sort -committerdate --format %(refname) %(objectname) %(*objectname) [14ms]
[2022-02-09T19:10:10.665Z] > git remote --verbose [3ms]
[2022-02-09T19:10:10.697Z] > git config --get commit.template [5ms]
[2022-02-09T19:10:15.738Z] > git symbolic-ref --short HEAD [9ms]
[2022-02-09T19:10:15.754Z] > git for-each-ref --format=%(refname)%00%(upstream:short)%00%(objectname)%00%(upstream:track) refs/heads/master refs/remotes/master [3ms]
[2022-02-09T19:10:15.789Z] > git for-each-ref --sort -committerdate --format %(refname) %(objectname) %(*objectname) [21ms]
[2022-02-09T19:10:15.791Z] > git remote --verbose [9ms]
[2022-02-09T19:10:15.849Z] > git config --get commit.template [4ms]
[2022-02-09T19:10:20.886Z] > git symbolic-ref --short HEAD [4ms]
[2022-02-09T19:10:20.900Z] > git for-each-ref --format=%(refname)%00%(upstream:short)%00%(objectname)%00%(upstream:track) refs/heads/master refs/remotes/master [4ms]
[2022-02-09T19:10:20.929Z] > git for-each-ref --sort -committerdate --format %(refname) %(objectname) %(*objectname) [16ms]
[2022-02-09T19:10:20.930Z] > git remote --verbose [2ms]
[2022-02-09T19:10:20.960Z] > git config --get commit.template [2ms]
[2022-02-09T19:10:24.847Z] > git ls-tree -l HEAD -- /home/gerzainm/Proyectos/iqisspage/iqiss_page/~/.vscode-root/Cache/b81a3ef13f622842_0 [35ms]
[2022-02-09T19:10:24.984Z] > git ls-tree -l HEAD -- /home/gerzainm/Proyectos/iqisspage/iqiss_page/~/.vscode-root/Cache/b81a3ef13f622842_0 [5ms]
[2022-02-09T19:10:26.001Z] > git symbolic-ref --short HEAD [4ms]
[2022-02-09T19:10:26.017Z] > git for-each-ref --format=%(refname)%00%(upstream:short)%00%(objectname)%00%(upstream:track) refs/heads/master refs/remotes/master [3ms]
[2022-02-09T19:10:26.046Z] > git for-each-ref --sort -committerdate --format %(refname) %(objectname) %(*objectname) [15ms]
[2022-02-09T19:10:26.047Z] > git remote --verbose [2ms]
[2022-02-09T19:10:26.076Z] > git config --get commit.template [4ms]
[2022-02-09T19:10:31.114Z] > git symbolic-ref --short HEAD [4ms]
[2022-02-09T19:10:31.129Z] > git for-each-ref --format=%(refname)%00%(upstream:short)%00%(objectname)%00%(upstream:track) refs/heads/master refs/remotes/master [2ms]
[2022-02-09T19:10:31.154Z] > git for-each-ref --sort -committerdate --format %(refname) %(objectname) %(*objectname) [14ms]
[2022-02-09T19:10:31.155Z] > git remote --verbose [3ms]
[2022-02-09T19:10:31.181Z] > git config --get commit.template [2ms]
[2022-02-09T19:10:36.214Z] > git symbolic-ref --short HEAD [2ms]
[2022-02-09T19:10:36.228Z] > git for-each-ref --format=%(refname)%00%(upstream:short)%00%(objectname)%00%(upstream:track) refs/heads/master refs/remotes/master [2ms]
[2022-02-09T19:10:36.258Z] > git remote --verbose [2ms]
[2022-02-09T19:10:36.258Z] > git for-each-ref --sort -committerdate --format %(refname) %(objectname) %(*objectname) [17ms]
[2022-02-09T19:10:36.283Z] > git config --get commit.template [2ms]
[2022-02-09T19:10:39.445Z] > git ls-files --stage -- /home/gerzainm/Proyectos/iqisspage/iqiss_page/index.html [127ms]
[2022-02-09T19:10:39.486Z] > git cat-file -s d14a5dee36e6bc137cb47d1135e1f7b6e5813f96 [2ms]
